Sun Jan 11 23:52:44 IST 2026
h=0.000, Step 000: E_total = -0.805728
h=0.000, Step 020: E_total = -1.696122
h=0.000, Step 040: E_total = -2.384681
h=0.000, Step 060: E_total = -2.862362
h=0.000, Step 080: E_total = -3.184070
h=0.000, Step 100: E_total = -3.403429
h=0.000, Step 120: E_total = -3.556713
h=0.000, Step 140: E_total = -3.666112
h=0.000, Step 160: E_total = -3.745277
h=0.000, Step 180: E_total = -3.803029
h=0.000, Step 200: E_total = -3.845377
h=0.000, Step 220: E_total = -3.876580
h=0.000, Step 240: E_total = -3.899704
Converged at step 241: ΔE = 0.000987, E = -3.900690

Measured bitstrings and probabilities:
0000 : 0.8850
1111 : 0.0875
0110 : 0.0040
0011 : 0.0040
0001 : 0.0040
1101 : 0.0025
1011 : 0.0020
1100 : 0.0020
0111 : 0.0020
0010 : 0.0020
1001 : 0.0015
1000 : 0.0015
1110 : 0.0010
0100 : 0.0010
Sun Jan 11 23:54:43 IST 2026
