Mon Dec  8 02:06:39 IST 2025
h=0.000, Step 000: E_total = -0.597394
h=0.000, Step 020: E_total = -3.873315
h=0.000, Step 040: E_total = -5.906042
h=0.000, Step 060: E_total = -6.921140
h=0.000, Step 080: E_total = -7.381365
h=0.000, Step 100: E_total = -7.613311
h=0.000, Step 120: E_total = -7.755045
h=0.000, Step 140: E_total = -7.856316
h=0.000, Step 160: E_total = -7.936760
h=0.000, Step 180: E_total = -8.005494
h=0.000, Step 200: E_total = -8.067267
h=0.000, Step 220: E_total = -8.124706
h=0.000, Step 240: E_total = -8.179276
h=0.000, Step 260: E_total = -8.231763
h=0.000, Step 280: E_total = -8.282529
h=0.000, Step 300: E_total = -8.331668
h=0.000, Step 320: E_total = -8.379117
h=0.000, Step 340: E_total = -8.424717
h=0.000, Step 360: E_total = -8.468276
h=0.000, Step 380: E_total = -8.509611
h=0.000, Step 400: E_total = -8.548551
h=0.000, Step 420: E_total = -8.584984
h=0.000, Step 440: E_total = -8.618838
h=0.000, Step 460: E_total = -8.650102
h=0.000, Step 480: E_total = -8.678804
h=0.000, Step 500: E_total = -8.705028
h=0.000, Step 520: E_total = -8.728876
h=0.000, Step 540: E_total = -8.750479
Converged at step 546: ΔE = 0.000998, E = -8.756547

Measured bitstrings and probabilities:
1111111111 : 0.7535
0000000000 : 0.1555
0011111111 : 0.0130
0000001111 : 0.0085
1111111100 : 0.0070
1110000000 : 0.0065
0000000001 : 0.0060
0000000011 : 0.0060
1000000000 : 0.0055
1100000000 : 0.0055
0000111111 : 0.0035
1111000000 : 0.0030
1111100000 : 0.0030
0000000111 : 0.0025
0001111111 : 0.0025
1111110000 : 0.0020
0000011111 : 0.0020
1111110001 : 0.0020
1111111000 : 0.0015
1000000111 : 0.0010
1110000111 : 0.0010
1001111111 : 0.0010
0111111100 : 0.0005
0000111110 : 0.0005
0111000111 : 0.0005
0110000000 : 0.0005
1100111111 : 0.0005
1000011111 : 0.0005
0111110000 : 0.0005
1101111000 : 0.0005
0000111100 : 0.0005
1111000011 : 0.0005
0001111100 : 0.0005
1000111111 : 0.0005
0000011000 : 0.0005
1111100001 : 0.0005
1111000111 : 0.0005
1111101111 : 0.0005
Mon Dec  8 17:27:38 IST 2025
