Mon Jan 12 00:18:25 IST 2026
h=0.000, Step 000: E_total = 0.417875
h=0.000, Step 020: E_total = 0.041807
h=0.000, Step 040: E_total = -0.254674
h=0.000, Step 060: E_total = -0.406537
h=0.000, Step 080: E_total = -0.467094
Converged at step 92: ΔE = 0.000955, E = -0.482689

Measured bitstrings and probabilities:
1100 : 0.1830
0011 : 0.1715
0010 : 0.1200
1101 : 0.1185
0111 : 0.0835
1000 : 0.0825
0000 : 0.0610
1111 : 0.0525
1110 : 0.0405
0001 : 0.0375
1001 : 0.0195
0110 : 0.0145
1011 : 0.0065
0100 : 0.0060
1010 : 0.0020
0101 : 0.0010
Mon Jan 12 00:41:20 IST 2026
