Mon Jan 12 00:17:37 IST 2026
h=0.000, Step 000: E_total = 0.279165
h=0.000, Step 020: E_total = 0.087913
h=0.000, Step 040: E_total = -0.079869
h=0.000, Step 060: E_total = -0.211631
h=0.000, Step 080: E_total = -0.307063
h=0.000, Step 100: E_total = -0.372668
h=0.000, Step 120: E_total = -0.416423
h=0.000, Step 140: E_total = -0.445174
Converged at step 148: ΔE = 0.000984, E = -0.453659

Measured bitstrings and probabilities:
0110 : 0.1225
1011 : 0.1185
1001 : 0.1175
0100 : 0.1100
0010 : 0.0840
1101 : 0.0840
1111 : 0.0690
0000 : 0.0605
1100 : 0.0595
0011 : 0.0585
0111 : 0.0510
1000 : 0.0480
0101 : 0.0055
1110 : 0.0040
1010 : 0.0040
0001 : 0.0035
Mon Jan 12 00:23:28 IST 2026
