Tue Dec  9 14:19:36 IST 2025
h=0.000, Step 000: E_total = -0.024021
h=0.000, Step 020: E_total = -0.189859
h=0.000, Step 040: E_total = -0.345571
h=0.000, Step 060: E_total = -0.486243
h=0.000, Step 080: E_total = -0.609421
h=0.000, Step 100: E_total = -0.714875
h=0.000, Step 120: E_total = -0.804111
h=0.000, Step 140: E_total = -0.879621
h=0.000, Step 160: E_total = -0.944140
h=0.000, Step 180: E_total = -1.000125
h=0.000, Step 200: E_total = -1.049532
h=0.000, Step 220: E_total = -1.093809
h=0.000, Step 240: E_total = -1.133997
h=0.000, Step 260: E_total = -1.170844
h=0.000, Step 280: E_total = -1.204906
h=0.000, Step 300: E_total = -1.236615
h=0.000, Step 320: E_total = -1.266322
h=0.000, Step 340: E_total = -1.294332
h=0.000, Step 360: E_total = -1.320913
h=0.000, Step 380: E_total = -1.346302
h=0.000, Step 400: E_total = -1.370716
h=0.000, Step 420: E_total = -1.394347
h=0.000, Step 440: E_total = -1.417367
h=0.000, Step 460: E_total = -1.439929
h=0.000, Step 480: E_total = -1.462161
h=0.000, Step 500: E_total = -1.484184
h=0.000, Step 520: E_total = -1.506083
h=0.000, Step 540: E_total = -1.527942
h=0.000, Step 560: E_total = -1.549817
h=0.000, Step 580: E_total = -1.571756
h=0.000, Step 600: E_total = -1.593793
h=0.000, Step 620: E_total = -1.615945
h=0.000, Step 640: E_total = -1.638225
h=0.000, Step 660: E_total = -1.660634
h=0.000, Step 680: E_total = -1.683164
h=0.000, Step 700: E_total = -1.705800
h=0.000, Step 720: E_total = -1.728519
h=0.000, Step 740: E_total = -1.751290
h=0.000, Step 760: E_total = -1.774080
h=0.000, Step 780: E_total = -1.796845
h=0.000, Step 800: E_total = -1.819541
h=0.000, Step 820: E_total = -1.842117
h=0.000, Step 840: E_total = -1.864516
h=0.000, Step 860: E_total = -1.886684
h=0.000, Step 880: E_total = -1.908565
h=0.000, Step 900: E_total = -1.930099
h=0.000, Step 920: E_total = -1.951232
h=0.000, Step 940: E_total = -1.971910
Converged at step 958: ΔE = 0.000999, E = -1.990092

Measured bitstrings and probabilities:
0000111111 : 0.0135
0000011111 : 0.0130
1111110001 : 0.0120
1111000000 : 0.0105
0000000111 : 0.0100
0000000011 : 0.0095
1111111100 : 0.0095
1111100000 : 0.0085
0110010000 : 0.0085
1111111000 : 0.0085
1110011110 : 0.0080
0001100001 : 0.0080
0000001110 : 0.0080
0000110111 : 0.0075
0100000111 : 0.0075
1011100000 : 0.0065
0000001111 : 0.0065
0100011111 : 0.0065
1100000011 : 0.0065
1000001111 : 0.0060
0111110000 : 0.0055
0011000011 : 0.0055
0001000011 : 0.0055
0110011100 : 0.0055
0001001100 : 0.0055
0000110110 : 0.0055
1011000000 : 0.0055
1110110011 : 0.0050
1011111000 : 0.0050
1001110001 : 0.0050
1111110000 : 0.0050
0001110001 : 0.0050
1101110000 : 0.0045
1100011110 : 0.0045
0011011000 : 0.0045
1100000001 : 0.0045
0001011000 : 0.0045
0010011111 : 0.0040
1001110000 : 0.0040
1111101000 : 0.0040
0011111100 : 0.0040
1110011000 : 0.0040
1111001000 : 0.0040
1110001110 : 0.0040
1000001101 : 0.0035
0001000001 : 0.0035
1100101000 : 0.0035
0111110100 : 0.0035
0011100001 : 0.0035
0001111100 : 0.0035
1000111111 : 0.0035
1000001011 : 0.0035
0010001111 : 0.0035
0001101110 : 0.0035
1111001001 : 0.0035
1100000000 : 0.0035
0111111001 : 0.0035
1110000011 : 0.0035
1011111011 : 0.0035
1000010011 : 0.0030
0110110000 : 0.0030
1110010001 : 0.0030
0001111000 : 0.0030
1110100000 : 0.0030
0000010011 : 0.0030
1000011000 : 0.0030
0010010100 : 0.0030
1100111011 : 0.0030
0011111111 : 0.0030
1011010000 : 0.0030
0100011100 : 0.0030
0111000000 : 0.0030
0111100100 : 0.0030
0000100111 : 0.0030
1110110000 : 0.0030
0110001111 : 0.0030
1111111101 : 0.0030
1010001111 : 0.0030
1100100111 : 0.0030
1101100000 : 0.0030
0011101100 : 0.0030
0100111111 : 0.0030
0111100000 : 0.0030
0000010111 : 0.0030
1001111011 : 0.0030
1100101100 : 0.0030
1110000111 : 0.0030
1100111100 : 0.0030
0001001111 : 0.0030
1100010011 : 0.0030
0111110010 : 0.0030
1100100001 : 0.0025
1100011000 : 0.0025
0011001111 : 0.0025
0000001001 : 0.0025
1111100110 : 0.0025
1011110010 : 0.0025
1010000000 : 0.0025
0100101111 : 0.0025
0001011111 : 0.0025
1110111100 : 0.0025
0000110011 : 0.0025
1000000110 : 0.0025
0111000110 : 0.0025
0101110000 : 0.0025
0011111110 : 0.0025
1101111100 : 0.0025
1101110001 : 0.0025
0011100100 : 0.0025
1110111111 : 0.0025
0111100111 : 0.0025
1011110000 : 0.0025
1111001100 : 0.0025
0011000101 : 0.0025
0001100000 : 0.0025
1110111110 : 0.0025
1001111000 : 0.0025
0110110001 : 0.0025
0001100111 : 0.0025
1000111100 : 0.0025
1001101111 : 0.0025
0011000010 : 0.0025
1011101111 : 0.0025
1100110110 : 0.0025
1111101100 : 0.0020
1110001100 : 0.0020
0011001011 : 0.0020
0111001010 : 0.0020
0001001000 : 0.0020
0001100110 : 0.0020
1000011111 : 0.0020
0101111111 : 0.0020
1000000101 : 0.0020
1101110010 : 0.0020
0100000011 : 0.0020
0001110000 : 0.0020
1001001111 : 0.0020
1111000111 : 0.0020
0001000000 : 0.0020
0011011011 : 0.0020
0110000011 : 0.0020
0111111111 : 0.0020
0111101100 : 0.0020
1110100111 : 0.0020
0000010010 : 0.0020
1111111011 : 0.0020
0101100011 : 0.0020
1001101011 : 0.0020
1110000000 : 0.0020
0111000011 : 0.0020
0011001001 : 0.0020
0010010001 : 0.0020
1000011001 : 0.0020
1111010000 : 0.0020
0011100110 : 0.0020
0011011100 : 0.0020
1100100000 : 0.0020
1000111001 : 0.0020
0101000010 : 0.0020
1001001000 : 0.0020
1111101001 : 0.0020
1000011110 : 0.0020
1100111001 : 0.0020
0101101101 : 0.0020
1001001110 : 0.0020
0101011011 : 0.0020
1011000111 : 0.0020
0011100101 : 0.0020
0001111101 : 0.0020
0001101111 : 0.0020
0111111010 : 0.0020
1100111010 : 0.0020
1111000110 : 0.0020
1101001000 : 0.0020
0011110111 : 0.0020
1001110011 : 0.0020
0100000100 : 0.0020
1010011100 : 0.0020
1100100011 : 0.0020
1101111111 : 0.0015
1011100011 : 0.0015
0111110011 : 0.0015
0001001001 : 0.0015
0101111001 : 0.0015
0010011001 : 0.0015
1100000101 : 0.0015
0100001111 : 0.0015
0100110111 : 0.0015
1100000111 : 0.0015
0101011110 : 0.0015
0010101100 : 0.0015
0111100010 : 0.0015
0010010110 : 0.0015
0010000000 : 0.0015
0010111101 : 0.0015
0111010011 : 0.0015
1010100100 : 0.0015
1100011011 : 0.0015
0000101111 : 0.0015
1101000010 : 0.0015
1011111100 : 0.0015
1110111000 : 0.0015
0011111000 : 0.0015
0101001110 : 0.0015
0100111011 : 0.0015
1010000110 : 0.0015
1111011000 : 0.0015
1101000011 : 0.0015
1111001101 : 0.0015
0000011110 : 0.0015
0000011001 : 0.0015
1100000100 : 0.0015
0010010111 : 0.0015
1011110001 : 0.0015
0010001100 : 0.0015
1010111101 : 0.0015
1001010111 : 0.0015
0110010110 : 0.0015
0011011001 : 0.0015
1111000011 : 0.0015
1110100100 : 0.0015
1100011100 : 0.0015
0110001000 : 0.0015
0010110111 : 0.0015
1010000010 : 0.0015
0110100011 : 0.0015
1101110111 : 0.0015
0011111011 : 0.0015
0110110111 : 0.0015
1111011011 : 0.0015
0111001000 : 0.0015
0110001100 : 0.0015
0001011101 : 0.0015
0110011001 : 0.0015
0011101111 : 0.0015
0101110110 : 0.0015
0110101000 : 0.0015
1100111101 : 0.0015
0011011110 : 0.0015
1100010100 : 0.0015
0011011111 : 0.0015
1100001100 : 0.0015
0010110100 : 0.0015
1111001111 : 0.0015
1000011011 : 0.0015
1110110100 : 0.0015
0100001101 : 0.0015
0000000010 : 0.0015
0001001011 : 0.0015
0011010011 : 0.0015
0010000101 : 0.0015
0110000100 : 0.0015
0010001000 : 0.0015
1101111001 : 0.0015
0111100101 : 0.0015
0111100001 : 0.0015
1100010000 : 0.0015
1101110100 : 0.0015
1100110100 : 0.0015
1101011100 : 0.0015
0101110111 : 0.0015
1011011111 : 0.0010
0110110100 : 0.0010
1000101000 : 0.0010
1101011010 : 0.0010
0110001110 : 0.0010
1000010101 : 0.0010
1000000000 : 0.0010
1000111010 : 0.0010
0110011111 : 0.0010
0100101010 : 0.0010
0001111110 : 0.0010
1101100001 : 0.0010
0111000001 : 0.0010
1101101001 : 0.0010
0100100000 : 0.0010
0000100110 : 0.0010
1111100001 : 0.0010
0111001110 : 0.0010
1001100011 : 0.0010
1101001001 : 0.0010
0110101100 : 0.0010
0011010001 : 0.0010
1101000110 : 0.0010
0011000111 : 0.0010
0010010011 : 0.0010
1010110001 : 0.0010
1110000010 : 0.0010
1111101010 : 0.0010
0111101011 : 0.0010
0111011001 : 0.0010
0111101010 : 0.0010
1001100110 : 0.0010
0010001110 : 0.0010
0110100000 : 0.0010
0010000111 : 0.0010
0100111000 : 0.0010
1110000110 : 0.0010
0010011000 : 0.0010
1001101100 : 0.0010
0011110000 : 0.0010
1110110110 : 0.0010
1010101111 : 0.0010
0100010011 : 0.0010
1000011010 : 0.0010
0100100100 : 0.0010
0111011111 : 0.0010
1000111000 : 0.0010
1101101110 : 0.0010
0111111011 : 0.0010
0001010000 : 0.0010
1010010000 : 0.0010
0001101101 : 0.0010
0000111101 : 0.0010
0011101011 : 0.0010
1011011010 : 0.0010
1100001111 : 0.0010
1110100010 : 0.0010
0011101000 : 0.0010
1010000111 : 0.0010
1001100001 : 0.0010
0110100111 : 0.0010
0100111110 : 0.0010
0000110000 : 0.0010
0001110101 : 0.0010
0101110011 : 0.0010
1101011000 : 0.0010
0011011010 : 0.0010
1010001001 : 0.0010
0000111001 : 0.0010
0000011000 : 0.0010
0001110011 : 0.0010
0010100011 : 0.0010
0010101000 : 0.0010
0010110110 : 0.0010
0110111011 : 0.0010
1111011001 : 0.0010
1111011101 : 0.0010
1111010011 : 0.0010
0101111101 : 0.0010
1010111010 : 0.0010
1110011111 : 0.0010
1110100011 : 0.0010
0000111100 : 0.0010
1000000010 : 0.0010
0110000000 : 0.0010
0010011110 : 0.0010
0100110000 : 0.0010
1101011111 : 0.0010
1100001101 : 0.0010
0101001111 : 0.0010
1100000010 : 0.0010
1110111001 : 0.0010
1111000010 : 0.0010
1111101110 : 0.0010
1011000100 : 0.0010
1000010100 : 0.0010
0110000111 : 0.0010
1100100100 : 0.0010
0011010110 : 0.0010
1110010000 : 0.0010
1000000011 : 0.0010
0100100111 : 0.0010
1000100000 : 0.0010
0100110011 : 0.0010
0010111111 : 0.0010
0110011110 : 0.0010
0110011101 : 0.0010
1111100111 : 0.0010
1000100110 : 0.0010
0010001101 : 0.0010
0111111101 : 0.0010
0011010111 : 0.0010
1110110111 : 0.0010
1011000001 : 0.0010
0010000100 : 0.0010
0010111100 : 0.0010
1101001110 : 0.0010
1111000001 : 0.0010
0111011100 : 0.0010
0101111000 : 0.0010
0111011110 : 0.0010
0000000000 : 0.0010
1011001111 : 0.0010
0010100111 : 0.0010
1100110000 : 0.0010
0010111110 : 0.0005
1101101111 : 0.0005
1010111011 : 0.0005
0011111010 : 0.0005
1011011011 : 0.0005
1001100101 : 0.0005
1101101011 : 0.0005
0100111100 : 0.0005
0110111110 : 0.0005
1011000011 : 0.0005
1001011100 : 0.0005
0110111101 : 0.0005
1101000101 : 0.0005
1111111111 : 0.0005
0001011110 : 0.0005
1001011110 : 0.0005
1111100100 : 0.0005
1100101110 : 0.0005
0111101111 : 0.0005
1101101100 : 0.0005
1000101100 : 0.0005
0000110101 : 0.0005
0101100110 : 0.0005
1110110010 : 0.0005
0010011100 : 0.0005
1011100001 : 0.0005
0111001101 : 0.0005
0111000111 : 0.0005
1000110110 : 0.0005
1000100101 : 0.0005
0000100001 : 0.0005
1000000111 : 0.0005
0000010001 : 0.0005
1000101110 : 0.0005
1010100011 : 0.0005
0101010010 : 0.0005
0101000000 : 0.0005
1100011001 : 0.0005
1101100110 : 0.0005
1110100001 : 0.0005
1000001100 : 0.0005
1001000010 : 0.0005
0100010101 : 0.0005
0101011010 : 0.0005
0110111100 : 0.0005
1000100111 : 0.0005
1111010100 : 0.0005
0000101001 : 0.0005
0100011101 : 0.0005
0010011011 : 0.0005
0000011011 : 0.0005
0010001010 : 0.0005
0000000001 : 0.0005
1011100100 : 0.0005
0001000111 : 0.0005
0000111000 : 0.0005
0011000110 : 0.0005
0100100110 : 0.0005
0011110011 : 0.0005
1100100110 : 0.0005
0010101101 : 0.0005
0001111001 : 0.0005
0010000010 : 0.0005
1000010111 : 0.0005
0101001101 : 0.0005
0001110010 : 0.0005
1010011001 : 0.0005
1000110000 : 0.0005
0001010111 : 0.0005
1010110010 : 0.0005
1101010001 : 0.0005
0111101001 : 0.0005
1000101101 : 0.0005
0001010101 : 0.0005
0010101110 : 0.0005
0010010000 : 0.0005
0011001110 : 0.0005
0111011011 : 0.0005
1010100111 : 0.0005
0101101111 : 0.0005
1000001110 : 0.0005
0000010110 : 0.0005
0000110010 : 0.0005
1101101000 : 0.0005
1101100011 : 0.0005
0111001001 : 0.0005
1010001010 : 0.0005
1000100011 : 0.0005
0001101001 : 0.0005
1100100101 : 0.0005
0010000110 : 0.0005
1010011010 : 0.0005
0100000110 : 0.0005
1101000000 : 0.0005
1010110110 : 0.0005
1011000110 : 0.0005
1011010101 : 0.0005
0000010100 : 0.0005
0000011100 : 0.0005
1100001001 : 0.0005
1000111101 : 0.0005
0100010000 : 0.0005
1011011000 : 0.0005
1100010010 : 0.0005
0110000101 : 0.0005
0101010011 : 0.0005
1111001110 : 0.0005
1000101111 : 0.0005
1010010010 : 0.0005
1001001001 : 0.0005
1100010111 : 0.0005
0000001100 : 0.0005
1010010001 : 0.0005
0111111110 : 0.0005
0011100111 : 0.0005
0101100001 : 0.0005
0001101011 : 0.0005
1010010011 : 0.0005
1000110001 : 0.0005
0101110101 : 0.0005
1010011111 : 0.0005
1110001000 : 0.0005
1011110011 : 0.0005
1110101111 : 0.0005
1101001101 : 0.0005
1001000100 : 0.0005
0111111100 : 0.0005
0000110001 : 0.0005
0110010011 : 0.0005
1110101110 : 0.0005
0000000110 : 0.0005
1110001101 : 0.0005
0010101010 : 0.0005
1101000001 : 0.0005
1110001010 : 0.0005
1011110110 : 0.0005
0100111010 : 0.0005
0101001010 : 0.0005
0000111011 : 0.0005
1000110111 : 0.0005
0001000101 : 0.0005
1001110100 : 0.0005
0000001011 : 0.0005
0110110110 : 0.0005
1110111010 : 0.0005
0001111011 : 0.0005
1011111010 : 0.0005
0000000100 : 0.0005
0111110111 : 0.0005
0111000100 : 0.0005
1001100010 : 0.0005
1100110010 : 0.0005
0001011011 : 0.0005
0010111000 : 0.0005
1001110010 : 0.0005
0100100001 : 0.0005
1011101100 : 0.0005
0100000101 : 0.0005
1110010010 : 0.0005
1100010101 : 0.0005
1000110010 : 0.0005
0110001101 : 0.0005
0000111010 : 0.0005
1000011101 : 0.0005
1111000101 : 0.0005
1111110110 : 0.0005
0111101000 : 0.0005
0010100001 : 0.0005
1011101101 : 0.0005
1011010011 : 0.0005
1100110011 : 0.0005
0111111000 : 0.0005
1110010100 : 0.0005
1111011110 : 0.0005
0110111111 : 0.0005
0001001101 : 0.0005
0010011010 : 0.0005
1001010000 : 0.0005
1001101101 : 0.0005
0011100010 : 0.0005
1101100111 : 0.0005
0110001001 : 0.0005
0001011100 : 0.0005
1111110010 : 0.0005
1010001000 : 0.0005
1111010111 : 0.0005
0011000100 : 0.0005
1000101011 : 0.0005
0000010000 : 0.0005
0010101001 : 0.0005
0101100000 : 0.0005
1101011001 : 0.0005
0010110001 : 0.0005
1001110101 : 0.0005
1111111110 : 0.0005
0100110110 : 0.0005
1110000101 : 0.0005
1100110001 : 0.0005
1100100010 : 0.0005
0101110100 : 0.0005
1110001111 : 0.0005
1001000111 : 0.0005
0101000101 : 0.0005
0010010010 : 0.0005
0011001100 : 0.0005
1001000001 : 0.0005
0001111010 : 0.0005
0100001110 : 0.0005
1010011011 : 0.0005
0101011001 : 0.0005
1101110011 : 0.0005
1100011010 : 0.0005
0010100101 : 0.0005
1011011001 : 0.0005
0101011000 : 0.0005
0010100000 : 0.0005
1101111011 : 0.0005
0000010101 : 0.0005
0100101001 : 0.0005
1011010001 : 0.0005
1000111011 : 0.0005
0011101010 : 0.0005
1001010011 : 0.0005
0111100110 : 0.0005
0101010000 : 0.0005
1010110000 : 0.0005
1011101110 : 0.0005
0010111001 : 0.0005
0110100001 : 0.0005
0011110101 : 0.0005
0000100100 : 0.0005
1011011110 : 0.0005
0011100011 : 0.0005
1101010000 : 0.0005
0110010010 : 0.0005
1101101101 : 0.0005
1110011001 : 0.0005
1000110011 : 0.0005
0101100100 : 0.0005
0101100111 : 0.0005
1110000100 : 0.0005
1000000001 : 0.0005
0010101111 : 0.0005
1100101101 : 0.0005
1001011111 : 0.0005
Thu Dec 11 08:54:21 IST 2025
