Mon Jan 12 00:16:50 IST 2026
h=0.000, Step 000: E_total = -0.037214
h=0.000, Step 020: E_total = -0.119989
h=0.000, Step 040: E_total = -0.195067
h=0.000, Step 060: E_total = -0.260135
h=0.000, Step 080: E_total = -0.314309
h=0.000, Step 100: E_total = -0.357938
h=0.000, Step 120: E_total = -0.392173
h=0.000, Step 140: E_total = -0.418532
Converged at step 151: ΔE = 0.000992, E = -0.430236

Measured bitstrings and probabilities:
1001 : 0.1495
0110 : 0.1475
0100 : 0.1060
1011 : 0.1050
0010 : 0.1000
1101 : 0.0925
0000 : 0.0640
1111 : 0.0570
1100 : 0.0390
0011 : 0.0335
1110 : 0.0225
0001 : 0.0225
0111 : 0.0220
1000 : 0.0205
0101 : 0.0095
1010 : 0.0090
Mon Jan 12 00:18:26 IST 2026
