Mon Jan 12 00:20:02 IST 2026
h=0.000, Step 000: E_total = 0.471345
h=0.000, Step 020: E_total = -0.096211
h=0.000, Step 040: E_total = -0.400844
h=0.000, Step 060: E_total = -0.480027
Converged at step 67: ΔE = 0.000962, E = -0.488745

Measured bitstrings and probabilities:
0011 : 0.1605
1100 : 0.1475
1110 : 0.1180
0001 : 0.1170
0111 : 0.0900
1000 : 0.0825
1111 : 0.0760
0000 : 0.0670
0110 : 0.0345
1001 : 0.0295
0010 : 0.0235
1101 : 0.0230
0100 : 0.0155
1011 : 0.0140
0101 : 0.0010
1010 : 0.0005
Mon Jan 12 00:52:15 IST 2026
