Mon Dec  8 02:02:46 IST 2025
h=0.000, Step 000: E_total = -0.536632
h=0.000, Step 020: E_total = -2.906484
h=0.000, Step 040: E_total = -4.372871
h=0.000, Step 060: E_total = -5.295231
h=0.000, Step 080: E_total = -6.008798
h=0.000, Step 100: E_total = -6.593716
h=0.000, Step 120: E_total = -7.065205
h=0.000, Step 140: E_total = -7.437199
h=0.000, Step 160: E_total = -7.727118
h=0.000, Step 180: E_total = -7.951492
h=0.000, Step 200: E_total = -8.124612
h=0.000, Step 220: E_total = -8.258581
h=0.000, Step 240: E_total = -8.363261
h=0.000, Step 260: E_total = -8.446237
h=0.000, Step 280: E_total = -8.513105
h=0.000, Step 300: E_total = -8.567872
h=0.000, Step 320: E_total = -8.613384
h=0.000, Step 340: E_total = -8.651692
h=0.000, Step 360: E_total = -8.684303
h=0.000, Step 380: E_total = -8.712326
h=0.000, Step 400: E_total = -8.736613
h=0.000, Step 420: E_total = -8.757833
Converged at step 420: ΔE = 0.000997, E = -8.757833

Measured bitstrings and probabilities:
1111111111 : 0.4685
0000000000 : 0.4465
1111111100 : 0.0100
0000011111 : 0.0100
0011111111 : 0.0085
1111100000 : 0.0070
0000000011 : 0.0065
1100000000 : 0.0055
0011111000 : 0.0030
0001111100 : 0.0025
0000000111 : 0.0020
1111111000 : 0.0020
1000111111 : 0.0020
1110000000 : 0.0020
0111110000 : 0.0015
1111000001 : 0.0015
0000111110 : 0.0015
1000011111 : 0.0015
1100011111 : 0.0010
0111111110 : 0.0010
0001111111 : 0.0010
0111000000 : 0.0010
0000001110 : 0.0010
1111100011 : 0.0010
1110000011 : 0.0010
1100000111 : 0.0005
1110000001 : 0.0005
1111101111 : 0.0005
1000111100 : 0.0005
0011111011 : 0.0005
0000000100 : 0.0005
1001111111 : 0.0005
0000001111 : 0.0005
1100111111 : 0.0005
1000000000 : 0.0005
0111111000 : 0.0005
0000111111 : 0.0005
0011110000 : 0.0005
0000111100 : 0.0005
0001100000 : 0.0005
1000001111 : 0.0005
0000011110 : 0.0005
0111111111 : 0.0005
0100000000 : 0.0005
1101111111 : 0.0005
0111100000 : 0.0005
0011100111 : 0.0005
Mon Dec  8 13:50:25 IST 2025
