Thu Jan 15 00:33:12 IST 2026

=== Optimizing p = 5 ===
p=5, step=000, E=0.127796
p=5, step=010, E=-0.898729
p=5, step=020, E=-1.881662
p=5, step=030, E=-2.779100
p=5, step=040, E=-3.563470
p=5, step=050, E=-4.223945
p=5, step=060, E=-4.764413
p=5, step=070, E=-5.198459
p=5, step=080, E=-5.543791
p=5, step=090, E=-5.818119
p=5, step=100, E=-6.036893
p=5, step=110, E=-6.212622
p=5, step=120, E=-6.354975
p=5, step=130, E=-6.471308
p=5, step=140, E=-6.567161
p=5, step=150, E=-6.646755
p=5, step=160, E=-6.713312
p=5, step=170, E=-6.769333
p=5, step=180, E=-6.816785
p=5, step=190, E=-6.857226
p=5, step=200, E=-6.891908
p=5, step=210, E=-6.921845
p=5, step=220, E=-6.947846
p=5, step=230, E=-6.970587
p=5, step=240, E=-6.990612
p=5, step=250, E=-7.008366
p=5, step=260, E=-7.024218
p=5, step=270, E=-7.038472
p=5, step=280, E=-7.051376
p=5, step=290, E=-7.063133
p=5, step=300, E=-7.073919

=== Optimizing p = 10 ===
p=10, step=000, E=-7.082525
p=10, step=010, E=-7.098221
p=10, step=020, E=-7.110239

=== Optimizing p = 15 ===
p=15, step=000, E=-7.116813

=== Optimizing p = 20 ===
p=20, step=000, E=-7.127308

=== Optimizing p = 25 ===
p=25, step=000, E=-7.129889

=== Optimizing p = 30 ===
p=30, step=000, E=-7.126133

=== Optimizing p = 35 ===
p=35, step=000, E=-7.146352

=== Optimizing p = 40 ===
p=40, step=000, E=-7.150875

=== Optimizing p = 45 ===
p=45, step=000, E=-7.153184

=== Optimizing p = 50 ===
p=50, step=000, E=-7.122943

=== Optimizing p = 55 ===
p=55, step=000, E=-7.148231

=== Optimizing p = 60 ===
p=60, step=000, E=-7.145034
p=60, step=010, E=-7.161560

=== Optimizing p = 65 ===
p=65, step=000, E=-7.168548

=== Optimizing p = 70 ===
p=70, step=000, E=-7.168351

=== Optimizing p = 75 ===
p=75, step=000, E=-7.171466

=== Optimizing p = 80 ===
p=80, step=000, E=-7.176861

=== Optimizing p = 85 ===
p=85, step=000, E=-7.171060

=== Optimizing p = 90 ===
p=90, step=000, E=-7.178403

=== Optimizing p = 95 ===
p=95, step=000, E=-7.179220

=== Optimizing p = 100 ===
p=100, step=000, E=-7.186129

=== Optimizing p = 105 ===
p=105, step=000, E=-7.185464

=== Optimizing p = 110 ===
p=110, step=000, E=-7.187061

=== Optimizing p = 115 ===
p=115, step=000, E=-7.188274

=== Optimizing p = 120 ===
p=120, step=000, E=-7.188483

=== Optimizing p = 125 ===
p=125, step=000, E=-7.186348
p=125, step=010, E=-7.198866

=== Optimizing p = 130 ===
p=130, step=000, E=-7.203613

=== Optimizing p = 135 ===
p=135, step=000, E=-7.209316

=== Optimizing p = 140 ===
p=140, step=000, E=-7.213561

=== Optimizing p = 145 ===
p=145, step=000, E=-7.214232

=== Optimizing p = 150 ===
p=150, step=000, E=-7.215694

Measured bitstrings and probabilities:
0000000000 : 0.1835
1111111111 : 0.1640
0000111111 : 0.0190
0111111000 : 0.0175
1000011111 : 0.0165
1110000111 : 0.0160
1111100001 : 0.0160
1100001111 : 0.0160
1111000111 : 0.0160
1111000011 : 0.0150
0001111110 : 0.0150
0111100000 : 0.0145
1111000000 : 0.0145
1100000111 : 0.0135
0000111100 : 0.0130
1000000111 : 0.0125
0000011110 : 0.0125
1100000001 : 0.0125
1110000001 : 0.0120
0011110000 : 0.0115
1000001111 : 0.0110
0011111000 : 0.0110
1111100000 : 0.0110
1000111111 : 0.0105
1100000011 : 0.0105
0000011111 : 0.0105
1111110000 : 0.0100
1111111000 : 0.0100
0000011100 : 0.0100
1111100011 : 0.0100
0001111000 : 0.0100
1110000011 : 0.0100
0000001111 : 0.0095
0011100000 : 0.0095
0000111000 : 0.0095
1100011111 : 0.0095
0111000000 : 0.0095
1000000011 : 0.0090
0000000111 : 0.0090
0001110000 : 0.0090
0111110000 : 0.0090
0011111100 : 0.0090
1110000000 : 0.0090
1110001111 : 0.0080
0001111111 : 0.0080
0000001110 : 0.0080
1111110001 : 0.0075
0001111100 : 0.0070
1111000001 : 0.0070
0000111110 : 0.0070
0011111110 : 0.0070
0111111100 : 0.0060
1001111111 : 0.0045
0011111111 : 0.0035
0001100000 : 0.0035
0000001100 : 0.0030
0000000011 : 0.0030
0111111110 : 0.0030
1111111100 : 0.0025
1111111001 : 0.0025
0000011000 : 0.0025
1111110111 : 0.0020
0000110000 : 0.0020
0011000000 : 0.0020
1100111111 : 0.0020
0000000110 : 0.0015
1100000000 : 0.0015
1111001111 : 0.0015
1100110000 : 0.0015
1111100111 : 0.0015
0001000000 : 0.0015
1000010000 : 0.0015
1111110011 : 0.0015
1000000001 : 0.0015
0000000100 : 0.0010
1111001110 : 0.0010
1100011000 : 0.0010
1011111111 : 0.0010
0000100000 : 0.0010
0010000100 : 0.0010
0110000000 : 0.0010
0000010000 : 0.0010
1100100000 : 0.0010
0110111110 : 0.0010
1111011111 : 0.0010
1000111011 : 0.0010
1100100011 : 0.0010
1001001111 : 0.0010
0111111111 : 0.0010
0001001100 : 0.0005
1101100000 : 0.0005
1011100001 : 0.0005
0001100100 : 0.0005
1111000110 : 0.0005
1001100001 : 0.0005
0011111010 : 0.0005
0111011111 : 0.0005
1001111011 : 0.0005
0111001110 : 0.0005
0000000010 : 0.0005
0011001111 : 0.0005
0101110100 : 0.0005
1011110111 : 0.0005
1101100111 : 0.0005
1100001100 : 0.0005
0010000000 : 0.0005
1110011001 : 0.0005
0001000001 : 0.0005
1011111011 : 0.0005
1111011110 : 0.0005
0011000001 : 0.0005
0011011111 : 0.0005
0011110011 : 0.0005
1001110011 : 0.0005
0111110110 : 0.0005
0110011110 : 0.0005
0001100110 : 0.0005
1110111101 : 0.0005
1001000001 : 0.0005
0111110010 : 0.0005
0110011000 : 0.0005
0000001000 : 0.0005
0100011100 : 0.0005
0111101111 : 0.0005
0000011001 : 0.0005
1101111111 : 0.0005
0001100111 : 0.0005
1101110001 : 0.0005
0010011110 : 0.0005
1100000100 : 0.0005
1111111110 : 0.0005
1101111101 : 0.0005
1011111000 : 0.0005
0011111011 : 0.0005
0100110000 : 0.0005
1110111111 : 0.0005
1100110011 : 0.0005
0011101100 : 0.0005
1001111100 : 0.0005
0011001011 : 0.0005
1110111011 : 0.0005
1001100000 : 0.0005
0001000010 : 0.0005
1011000001 : 0.0005
1100011101 : 0.0005
1110011111 : 0.0005
0010001000 : 0.0005
1111101110 : 0.0005
0100011110 : 0.0005
1111000100 : 0.0005
1001000011 : 0.0005
0001100011 : 0.0005
1000011011 : 0.0005
1111001001 : 0.0005
0011110010 : 0.0005
Thu Jan 15 03:51:04 IST 2026
