Thu Jan 15 01:49:51 IST 2026

=== Optimizing p = 25 ===
p=25, step=000, E=0.543531
p=25, step=010, E=-0.919295
p=25, step=020, E=-2.355689
p=25, step=030, E=-3.620193
p=25, step=040, E=-4.533862

=== Optimizing p = 50 ===
p=50, step=000, E=-5.357284
p=50, step=010, E=-6.662628
p=50, step=020, E=-7.942853
p=50, step=030, E=-8.778177
p=50, step=040, E=-9.226814

=== Optimizing p = 75 ===
p=75, step=000, E=-9.465539
p=75, step=010, E=-9.652071
p=75, step=020, E=-9.768018
p=75, step=030, E=-9.846707
p=75, step=040, E=-9.899433

=== Optimizing p = 100 ===
p=100, step=000, E=-9.934269
p=100, step=010, E=-9.957666
p=100, step=020, E=-9.972435

Measured bitstrings and probabilities:
0000000000 : 0.5120
1111111111 : 0.4840
1111110001 : 0.0005
1111111000 : 0.0005
0000111110 : 0.0005
0000001111 : 0.0005
0000011110 : 0.0005
1111000001 : 0.0005
0001110000 : 0.0005
1111000011 : 0.0005
Thu Jan 15 04:09:10 IST 2026
