Sun Jan 11 23:27:02 IST 2026
h=0.000, Step 000: E_total = -0.389629
h=0.000, Step 020: E_total = -1.420294
h=0.000, Step 040: E_total = -2.309221
h=0.000, Step 060: E_total = -2.971329
h=0.000, Step 080: E_total = -3.403530
h=0.000, Step 100: E_total = -3.661914
h=0.000, Step 120: E_total = -3.809465
h=0.000, Step 140: E_total = -3.892221
h=0.000, Step 160: E_total = -3.938520
h=0.000, Step 180: E_total = -3.964560
Converged at step 180: ΔE = 0.000980, E = -3.964560

Measured bitstrings and probabilities:
1111 : 0.4980
0000 : 0.4920
1100 : 0.0030
1001 : 0.0030
0110 : 0.0025
0011 : 0.0010
1011 : 0.0005
Sun Jan 11 23:28:31 IST 2026
