Wed Jan 14 17:23:35 IST 2026

=== Optimizing p = 5 ===
p=5, step=000, E=0.127796
p=5, step=010, E=-0.898729
p=5, step=020, E=-1.881662
p=5, step=030, E=-2.779100
p=5, step=040, E=-3.563470

=== Optimizing p = 10 ===
p=10, step=000, E=-4.235125
p=10, step=010, E=-4.786541
p=10, step=020, E=-5.196899
p=10, step=030, E=-5.525375
p=10, step=040, E=-5.797163

=== Optimizing p = 15 ===
p=15, step=000, E=-6.018793
p=15, step=010, E=-6.209908
p=15, step=020, E=-6.368652
p=15, step=030, E=-6.500044
p=15, step=040, E=-6.608581

=== Optimizing p = 20 ===
p=20, step=000, E=-6.698942
p=20, step=010, E=-6.773255
p=20, step=020, E=-6.834689
p=20, step=030, E=-6.885687
p=20, step=040, E=-6.928232

=== Optimizing p = 25 ===
p=25, step=000, E=-6.958705
p=25, step=010, E=-6.993682
p=25, step=020, E=-7.019799
p=25, step=030, E=-7.042100
p=25, step=040, E=-7.061392

=== Optimizing p = 30 ===
p=30, step=000, E=-7.070134
p=30, step=010, E=-7.095778
p=30, step=020, E=-7.109588
p=30, step=030, E=-7.121907
p=30, step=040, E=-7.133085

=== Optimizing p = 35 ===
p=35, step=000, E=-7.144141

=== Optimizing p = 40 ===
p=40, step=000, E=-7.150766

=== Optimizing p = 45 ===
p=45, step=000, E=-7.155383

=== Optimizing p = 50 ===
p=50, step=000, E=-7.125492
p=50, step=010, E=-7.157564
p=50, step=020, E=-7.168563

=== Optimizing p = 55 ===
p=55, step=000, E=-7.171061
p=55, step=010, E=-7.181783

=== Optimizing p = 60 ===
p=60, step=000, E=-7.171036
p=60, step=010, E=-7.187410

=== Optimizing p = 65 ===
p=65, step=000, E=-7.192627

=== Optimizing p = 70 ===
p=70, step=000, E=-7.193404

=== Optimizing p = 75 ===
p=75, step=000, E=-7.196214

=== Optimizing p = 80 ===
p=80, step=000, E=-7.201338

=== Optimizing p = 85 ===
p=85, step=000, E=-7.196327

=== Optimizing p = 90 ===
p=90, step=000, E=-7.203662

=== Optimizing p = 95 ===
p=95, step=000, E=-7.204490

=== Optimizing p = 100 ===
p=100, step=000, E=-7.211435

Measured bitstrings and probabilities:
0000000000 : 0.1770
1111111111 : 0.1630
1110000001 : 0.0210
1110000111 : 0.0195
0001111110 : 0.0185
1111110000 : 0.0170
1000000111 : 0.0170
0011111100 : 0.0170
1100000011 : 0.0165
1000011111 : 0.0165
1111000000 : 0.0165
0111111000 : 0.0155
1111100001 : 0.0150
0000111100 : 0.0150
0000001111 : 0.0150
1111000011 : 0.0145
0011110000 : 0.0145
1110000011 : 0.0140
0000011110 : 0.0140
1100001111 : 0.0130
0001111000 : 0.0125
1000000011 : 0.0120
1000111111 : 0.0120
0111100000 : 0.0120
1100000111 : 0.0115
1111000001 : 0.0105
1111000111 : 0.0105
0000001110 : 0.0105
0000111111 : 0.0105
0001110000 : 0.0100
0000111110 : 0.0100
1111100011 : 0.0095
1100011111 : 0.0095
0000011111 : 0.0090
0111110000 : 0.0090
1111110001 : 0.0085
0111000000 : 0.0085
0011111000 : 0.0080
0011111110 : 0.0080
1000001111 : 0.0080
1111111000 : 0.0075
0000011100 : 0.0075
1110000000 : 0.0070
0111111100 : 0.0070
0000111000 : 0.0065
1110001111 : 0.0065
1111100000 : 0.0060
0001111111 : 0.0055
1100000001 : 0.0050
0000000111 : 0.0050
0001111100 : 0.0045
0000011000 : 0.0040
0011100000 : 0.0035
1100111111 : 0.0030
1000000001 : 0.0025
0000000100 : 0.0025
0000000110 : 0.0025
1111100111 : 0.0025
0111111110 : 0.0020
1001111111 : 0.0020
0001100000 : 0.0020
0011111111 : 0.0020
1111111100 : 0.0020
0011000000 : 0.0020
0110000000 : 0.0020
1100001100 : 0.0015
1110111101 : 0.0015
1110011111 : 0.0015
0000001100 : 0.0015
1011111111 : 0.0015
1111111110 : 0.0015
1001100111 : 0.0015
0000000011 : 0.0015
1000100000 : 0.0010
0000100000 : 0.0010
1110001110 : 0.0010
0100010000 : 0.0010
1111111001 : 0.0010
1101111111 : 0.0010
0000110000 : 0.0010
0010000010 : 0.0010
0110010000 : 0.0010
1000001101 : 0.0010
0000011001 : 0.0010
0011001111 : 0.0010
1111111011 : 0.0010
0010000111 : 0.0010
1111101100 : 0.0010
0010000000 : 0.0010
1111110011 : 0.0010
1111001111 : 0.0010
0000110010 : 0.0010
0000010011 : 0.0005
1001001111 : 0.0005
1001000001 : 0.0005
0011000111 : 0.0005
1100110011 : 0.0005
0111000100 : 0.0005
1000111000 : 0.0005
1111000101 : 0.0005
0110000110 : 0.0005
0110011100 : 0.0005
1111100110 : 0.0005
0011100001 : 0.0005
1001101111 : 0.0005
0111000111 : 0.0005
0010111010 : 0.0005
1001111001 : 0.0005
1100111100 : 0.0005
0001000010 : 0.0005
1111011111 : 0.0005
0011001100 : 0.0005
1011101111 : 0.0005
1101111100 : 0.0005
0000010000 : 0.0005
1100000110 : 0.0005
1100000000 : 0.0005
1110111111 : 0.0005
0001100100 : 0.0005
1110111011 : 0.0005
0110001100 : 0.0005
0011111001 : 0.0005
1000100111 : 0.0005
1100011000 : 0.0005
1001100001 : 0.0005
1110010001 : 0.0005
1110110011 : 0.0005
1000110111 : 0.0005
0100000110 : 0.0005
1101110111 : 0.0005
1000001100 : 0.0005
1011001111 : 0.0005
0001001100 : 0.0005
1110011100 : 0.0005
1100100000 : 0.0005
0000111001 : 0.0005
0011110011 : 0.0005
0000000001 : 0.0005
0000111011 : 0.0005
0111110011 : 0.0005
1111101111 : 0.0005
1111110110 : 0.0005
0110000010 : 0.0005
0001100110 : 0.0005
1100111110 : 0.0005
0000100001 : 0.0005
1100110000 : 0.0005
0111111111 : 0.0005
1111110111 : 0.0005
1110000010 : 0.0005
1100010001 : 0.0005
1101111011 : 0.0005
1111000110 : 0.0005
1100111001 : 0.0005
0000001000 : 0.0005
1000011011 : 0.0005
1010001111 : 0.0005
1001000000 : 0.0005
0000110110 : 0.0005
1111011100 : 0.0005
0011110100 : 0.0005
1111001100 : 0.0005
1000000000 : 0.0005
1101110001 : 0.0005
1100011101 : 0.0005
Wed Jan 14 18:53:29 IST 2026
