Wed Jan 14 18:59:09 IST 2026

=== Optimizing p = 5 ===
p=5, step=000, E=0.127796
p=5, step=010, E=-0.898729
p=5, step=020, E=-1.881662
p=5, step=030, E=-2.779100
p=5, step=040, E=-3.563470
p=5, step=050, E=-4.223945
p=5, step=060, E=-4.764413
p=5, step=070, E=-5.198459
p=5, step=080, E=-5.543791
p=5, step=090, E=-5.818119

=== Optimizing p = 10 ===
p=10, step=000, E=-6.043074
p=10, step=010, E=-6.232520
p=10, step=020, E=-6.390175
p=10, step=030, E=-6.520773
p=10, step=040, E=-6.628675
p=10, step=050, E=-6.717732
p=10, step=060, E=-6.791261
p=10, step=070, E=-6.852079
p=10, step=080, E=-6.902533
p=10, step=090, E=-6.944563

=== Optimizing p = 15 ===
p=15, step=000, E=-6.975849
p=15, step=010, E=-7.007819
p=15, step=020, E=-7.034100
p=15, step=030, E=-7.056472
p=15, step=040, E=-7.075761
p=15, step=050, E=-7.092562
p=15, step=060, E=-7.107336
p=15, step=070, E=-7.120460
p=15, step=080, E=-7.132233
p=15, step=090, E=-7.142889

=== Optimizing p = 20 ===
p=20, step=000, E=-7.146560

=== Optimizing p = 25 ===
p=25, step=000, E=-7.148120

=== Optimizing p = 30 ===
p=30, step=000, E=-7.148958

=== Optimizing p = 35 ===
p=35, step=000, E=-7.169988

=== Optimizing p = 40 ===
p=40, step=000, E=-7.174450

=== Optimizing p = 45 ===
p=45, step=000, E=-7.176710

=== Optimizing p = 50 ===
p=50, step=000, E=-7.147624
p=50, step=010, E=-7.177828

=== Optimizing p = 55 ===
p=55, step=000, E=-7.177248

=== Optimizing p = 60 ===
p=60, step=000, E=-7.175451
p=60, step=010, E=-7.191648

=== Optimizing p = 65 ===
p=65, step=000, E=-7.195999

=== Optimizing p = 70 ===
p=70, step=000, E=-7.196299

=== Optimizing p = 75 ===
p=75, step=000, E=-7.199352

=== Optimizing p = 80 ===
p=80, step=000, E=-7.204435

=== Optimizing p = 85 ===
p=85, step=000, E=-7.199689

=== Optimizing p = 90 ===
p=90, step=000, E=-7.206826

=== Optimizing p = 95 ===
p=95, step=000, E=-7.207171

=== Optimizing p = 100 ===
p=100, step=000, E=-7.213959

Measured bitstrings and probabilities:
0000000000 : 0.1760
1111111111 : 0.1715
0000111111 : 0.0195
1111110000 : 0.0190
1111100001 : 0.0190
1000000111 : 0.0185
0000001111 : 0.0185
1100000011 : 0.0170
0011110000 : 0.0165
1110000001 : 0.0165
0011111100 : 0.0160
1100001111 : 0.0160
1000011111 : 0.0155
1110000111 : 0.0155
0001111000 : 0.0150
0001111110 : 0.0145
0000011110 : 0.0140
1111000000 : 0.0135
0000111100 : 0.0120
0111100000 : 0.0120
0001111100 : 0.0115
1110000000 : 0.0115
1111100011 : 0.0115
0111111000 : 0.0115
0001110000 : 0.0110
1111000011 : 0.0105
0000011111 : 0.0105
1000001111 : 0.0105
0000111110 : 0.0105
0111111100 : 0.0100
1100000111 : 0.0100
0000111000 : 0.0095
0000011100 : 0.0090
1111110001 : 0.0085
1100011111 : 0.0085
1110000011 : 0.0085
0000000111 : 0.0085
1000000011 : 0.0080
0001111111 : 0.0080
1100000001 : 0.0080
1110001111 : 0.0080
0011111000 : 0.0075
1111000111 : 0.0075
1111000001 : 0.0075
1111100000 : 0.0075
0111000000 : 0.0075
1000111111 : 0.0070
0111110000 : 0.0065
1111111000 : 0.0065
0011100000 : 0.0055
0000001110 : 0.0050
0000000011 : 0.0050
0011111110 : 0.0050
1100000000 : 0.0030
1100111111 : 0.0025
1111111100 : 0.0025
0000110000 : 0.0020
1001111111 : 0.0020
0111111110 : 0.0020
1111100111 : 0.0020
0111111111 : 0.0020
0001100000 : 0.0020
1110011111 : 0.0020
0000000110 : 0.0020
1001111001 : 0.0015
0011000000 : 0.0015
0001000010 : 0.0015
0000001000 : 0.0015
0000000100 : 0.0015
1111001111 : 0.0015
1111110011 : 0.0015
0100000000 : 0.0015
1000000001 : 0.0015
1100110011 : 0.0010
1000001100 : 0.0010
0000100000 : 0.0010
0000001100 : 0.0010
0110000000 : 0.0010
0000110011 : 0.0010
1000011011 : 0.0010
0000010000 : 0.0010
0010000011 : 0.0010
1000000000 : 0.0010
0011000011 : 0.0010
1011111011 : 0.0010
1101111100 : 0.0005
1111011110 : 0.0005
1011101100 : 0.0005
1110110011 : 0.0005
0000000001 : 0.0005
0010001100 : 0.0005
1101111101 : 0.0005
1111011001 : 0.0005
0011110001 : 0.0005
1111111101 : 0.0005
0000010001 : 0.0005
1111000110 : 0.0005
0110010000 : 0.0005
1100001100 : 0.0005
0111000111 : 0.0005
1101111011 : 0.0005
1100001110 : 0.0005
0000011001 : 0.0005
0011111111 : 0.0005
0111100110 : 0.0005
0011100110 : 0.0005
1000001001 : 0.0005
1100011000 : 0.0005
1101111111 : 0.0005
0000011000 : 0.0005
1000111011 : 0.0005
1101110111 : 0.0005
1111011111 : 0.0005
0111001100 : 0.0005
1111110111 : 0.0005
1111111110 : 0.0005
0000110010 : 0.0005
1000010000 : 0.0005
0100000100 : 0.0005
1111111001 : 0.0005
0001001111 : 0.0005
1001111000 : 0.0005
0001100110 : 0.0005
0110011111 : 0.0005
0010011110 : 0.0005
0110001110 : 0.0005
0000111001 : 0.0005
1101110001 : 0.0005
0110000111 : 0.0005
1010000000 : 0.0005
1100010000 : 0.0005
1001000111 : 0.0005
1000110001 : 0.0005
1000110011 : 0.0005
1111010011 : 0.0005
1110011000 : 0.0005
0100001000 : 0.0005
1001100000 : 0.0005
1111010000 : 0.0005
1110111110 : 0.0005
1110111000 : 0.0005
1000001011 : 0.0005
0000000010 : 0.0005
0011001111 : 0.0005
1110001101 : 0.0005
1111101000 : 0.0005
1100111110 : 0.0005
1011111001 : 0.0005
1011000011 : 0.0005
0110011000 : 0.0005
0110000010 : 0.0005
Wed Jan 14 20:06:42 IST 2026
