Thu Jan 15 00:34:58 IST 2026

=== Optimizing p = 20 ===
p=20, step=000, E=-0.869168
p=20, step=010, E=-3.652524
p=20, step=020, E=-5.511322
p=20, step=030, E=-6.627026
p=20, step=040, E=-7.336411
p=20, step=050, E=-7.831649
p=20, step=060, E=-8.200845
p=20, step=070, E=-8.487535
p=20, step=080, E=-8.716563
p=20, step=090, E=-8.903473
p=20, step=100, E=-9.058518
p=20, step=110, E=-9.188687
p=20, step=120, E=-9.298928
p=20, step=130, E=-9.392877
p=20, step=140, E=-9.473322
p=20, step=150, E=-9.542441
p=20, step=160, E=-9.602016
p=20, step=170, E=-9.653489
p=20, step=180, E=-9.698057
p=20, step=190, E=-9.736723
p=20, step=200, E=-9.770332
p=20, step=210, E=-9.799587
p=20, step=220, E=-9.825094
p=20, step=230, E=-9.847365
p=20, step=240, E=-9.866823
p=20, step=250, E=-9.883842
p=20, step=260, E=-9.898736
p=20, step=270, E=-9.911776
p=20, step=280, E=-9.923191

=== Optimizing p = 40 ===
p=40, step=000, E=-9.880684
p=40, step=010, E=-9.938506

=== Optimizing p = 60 ===
p=60, step=000, E=-9.899785

=== Optimizing p = 80 ===
p=80, step=000, E=-9.957239

=== Optimizing p = 100 ===
p=100, step=000, E=-9.958197

Measured bitstrings and probabilities:
1111111111 : 0.5135
0000000000 : 0.4790
1111001111 : 0.0005
0011000000 : 0.0005
0001100000 : 0.0005
1111000000 : 0.0005
0110000000 : 0.0005
0111100000 : 0.0005
0000011110 : 0.0005
1100000000 : 0.0005
0000001100 : 0.0005
1110000111 : 0.0005
0000111111 : 0.0005
0001111110 : 0.0005
0000110000 : 0.0005
1111110000 : 0.0005
0000001111 : 0.0005
Thu Jan 15 01:17:43 IST 2026
