Sun Jan 11 23:26:12 IST 2026
h=0.000, Step 000: E_total = -0.415118
h=0.000, Step 020: E_total = -0.478120
h=0.000, Step 040: E_total = -0.542642
h=0.000, Step 060: E_total = -0.608592
h=0.000, Step 080: E_total = -0.675799
h=0.000, Step 100: E_total = -0.744014
h=0.000, Step 120: E_total = -0.812927
h=0.000, Step 140: E_total = -0.882166
h=0.000, Step 160: E_total = -0.951315
h=0.000, Step 180: E_total = -1.019935
h=0.000, Step 200: E_total = -1.087570
h=0.000, Step 220: E_total = -1.153776
h=0.000, Step 240: E_total = -1.218131
h=0.000, Step 260: E_total = -1.280250
h=0.000, Step 280: E_total = -1.339799
h=0.000, Step 300: E_total = -1.396501
h=0.000, Step 320: E_total = -1.450143
h=0.000, Step 340: E_total = -1.500573
h=0.000, Step 360: E_total = -1.547707
h=0.000, Step 380: E_total = -1.591515
h=0.000, Step 400: E_total = -1.632020
h=0.000, Step 420: E_total = -1.669289
h=0.000, Step 440: E_total = -1.703428
h=0.000, Step 460: E_total = -1.734573
h=0.000, Step 480: E_total = -1.762875
h=0.000, Step 500: E_total = -1.788511
h=0.000, Step 520: E_total = -1.811656
Converged at step 539: ΔE = 0.000996, E = -1.831503

Measured bitstrings and probabilities:
1111 : 0.2610
0000 : 0.2530
1001 : 0.0960
0110 : 0.0915
1100 : 0.0890
0011 : 0.0850
1010 : 0.0260
0101 : 0.0165
1101 : 0.0125
0010 : 0.0115
1011 : 0.0110
0001 : 0.0105
0111 : 0.0100
1110 : 0.0100
0100 : 0.0095
1000 : 0.0070
Sun Jan 11 23:26:19 IST 2026
